{"/home/aleksas/repos/odin-battleships/src/logic/gameboard.js": {"path":"/home/aleksas/repos/odin-battleships/src/logic/gameboard.js","all":false,"statementMap":{"0":{"start":{"line":1,"column":0},"end":{"line":1,"column":26}},"1":{"start":{"line":2,"column":0},"end":{"line":2,"column":0}},"2":{"start":{"line":3,"column":0},"end":{"line":3,"column":37}},"3":{"start":{"line":4,"column":0},"end":{"line":4,"column":56}},"4":{"start":{"line":5,"column":0},"end":{"line":5,"column":21}},"5":{"start":{"line":6,"column":0},"end":{"line":6,"column":35}},"6":{"start":{"line":7,"column":0},"end":{"line":7,"column":35}},"7":{"start":{"line":8,"column":0},"end":{"line":8,"column":35}},"8":{"start":{"line":9,"column":0},"end":{"line":9,"column":35}},"9":{"start":{"line":10,"column":0},"end":{"line":10,"column":35}},"10":{"start":{"line":11,"column":0},"end":{"line":11,"column":35}},"11":{"start":{"line":12,"column":0},"end":{"line":12,"column":35}},"12":{"start":{"line":13,"column":0},"end":{"line":13,"column":35}},"13":{"start":{"line":14,"column":0},"end":{"line":14,"column":35}},"14":{"start":{"line":15,"column":0},"end":{"line":15,"column":35}},"15":{"start":{"line":16,"column":0},"end":{"line":16,"column":4}},"16":{"start":{"line":17,"column":0},"end":{"line":17,"column":0}},"17":{"start":{"line":18,"column":0},"end":{"line":18,"column":27}},"18":{"start":{"line":19,"column":0},"end":{"line":19,"column":9}},"19":{"start":{"line":20,"column":0},"end":{"line":20,"column":12}},"20":{"start":{"line":21,"column":0},"end":{"line":21,"column":12}},"21":{"start":{"line":22,"column":0},"end":{"line":22,"column":12}},"22":{"start":{"line":23,"column":0},"end":{"line":23,"column":12}},"23":{"start":{"line":24,"column":0},"end":{"line":24,"column":12}},"24":{"start":{"line":25,"column":0},"end":{"line":25,"column":12}},"25":{"start":{"line":26,"column":0},"end":{"line":26,"column":12}},"26":{"start":{"line":27,"column":0},"end":{"line":27,"column":12}},"27":{"start":{"line":28,"column":0},"end":{"line":28,"column":12}},"28":{"start":{"line":29,"column":0},"end":{"line":29,"column":12}},"29":{"start":{"line":30,"column":0},"end":{"line":30,"column":4}},"30":{"start":{"line":31,"column":0},"end":{"line":31,"column":0}},"31":{"start":{"line":32,"column":0},"end":{"line":32,"column":36}},"32":{"start":{"line":33,"column":0},"end":{"line":33,"column":14}},"33":{"start":{"line":34,"column":0},"end":{"line":34,"column":34}},"34":{"start":{"line":35,"column":0},"end":{"line":35,"column":57}},"35":{"start":{"line":36,"column":0},"end":{"line":36,"column":39}},"36":{"start":{"line":37,"column":0},"end":{"line":37,"column":17}},"37":{"start":{"line":38,"column":0},"end":{"line":38,"column":7}},"38":{"start":{"line":39,"column":0},"end":{"line":39,"column":10}},"39":{"start":{"line":40,"column":0},"end":{"line":40,"column":48}},"40":{"start":{"line":41,"column":0},"end":{"line":41,"column":43}},"41":{"start":{"line":42,"column":0},"end":{"line":42,"column":9}},"42":{"start":{"line":43,"column":0},"end":{"line":43,"column":18}},"43":{"start":{"line":44,"column":0},"end":{"line":44,"column":14}},"44":{"start":{"line":45,"column":0},"end":{"line":45,"column":7}},"45":{"start":{"line":46,"column":0},"end":{"line":46,"column":5}},"46":{"start":{"line":47,"column":0},"end":{"line":47,"column":17}},"47":{"start":{"line":48,"column":0},"end":{"line":48,"column":4}},"48":{"start":{"line":49,"column":0},"end":{"line":49,"column":0}},"49":{"start":{"line":50,"column":0},"end":{"line":50,"column":26}},"50":{"start":{"line":51,"column":0},"end":{"line":51,"column":0}},"51":{"start":{"line":52,"column":0},"end":{"line":52,"column":45}},"52":{"start":{"line":53,"column":0},"end":{"line":53,"column":32}},"53":{"start":{"line":54,"column":0},"end":{"line":54,"column":11}},"54":{"start":{"line":55,"column":0},"end":{"line":55,"column":11}},"55":{"start":{"line":56,"column":0},"end":{"line":56,"column":11}},"56":{"start":{"line":57,"column":0},"end":{"line":57,"column":11}},"57":{"start":{"line":58,"column":0},"end":{"line":58,"column":6}},"58":{"start":{"line":59,"column":0},"end":{"line":59,"column":27}},"59":{"start":{"line":60,"column":0},"end":{"line":60,"column":43}},"60":{"start":{"line":61,"column":0},"end":{"line":61,"column":25}},"61":{"start":{"line":62,"column":0},"end":{"line":62,"column":0}},"62":{"start":{"line":63,"column":0},"end":{"line":63,"column":53}},"63":{"start":{"line":64,"column":0},"end":{"line":64,"column":41}},"64":{"start":{"line":65,"column":0},"end":{"line":65,"column":27}},"65":{"start":{"line":66,"column":0},"end":{"line":66,"column":9}},"66":{"start":{"line":67,"column":0},"end":{"line":67,"column":7}},"67":{"start":{"line":68,"column":0},"end":{"line":68,"column":6}},"68":{"start":{"line":69,"column":0},"end":{"line":69,"column":18}},"69":{"start":{"line":70,"column":0},"end":{"line":70,"column":0}},"70":{"start":{"line":71,"column":0},"end":{"line":71,"column":54}},"71":{"start":{"line":72,"column":0},"end":{"line":72,"column":18}},"72":{"start":{"line":73,"column":0},"end":{"line":73,"column":5}},"73":{"start":{"line":74,"column":0},"end":{"line":74,"column":0}},"74":{"start":{"line":75,"column":0},"end":{"line":75,"column":17}},"75":{"start":{"line":76,"column":0},"end":{"line":76,"column":4}},"76":{"start":{"line":77,"column":0},"end":{"line":77,"column":0}},"77":{"start":{"line":78,"column":0},"end":{"line":78,"column":53}},"78":{"start":{"line":79,"column":0},"end":{"line":79,"column":49}},"79":{"start":{"line":80,"column":0},"end":{"line":80,"column":45}},"80":{"start":{"line":81,"column":0},"end":{"line":81,"column":30}},"81":{"start":{"line":82,"column":0},"end":{"line":82,"column":22}},"82":{"start":{"line":83,"column":0},"end":{"line":83,"column":75}},"83":{"start":{"line":84,"column":0},"end":{"line":84,"column":10}},"84":{"start":{"line":85,"column":0},"end":{"line":85,"column":9}},"85":{"start":{"line":86,"column":0},"end":{"line":86,"column":5}},"86":{"start":{"line":87,"column":0},"end":{"line":87,"column":0}},"87":{"start":{"line":88,"column":0},"end":{"line":88,"column":33}},"88":{"start":{"line":89,"column":0},"end":{"line":89,"column":30}},"89":{"start":{"line":90,"column":0},"end":{"line":90,"column":58}},"90":{"start":{"line":91,"column":0},"end":{"line":91,"column":9}},"91":{"start":{"line":92,"column":0},"end":{"line":92,"column":5}},"92":{"start":{"line":93,"column":0},"end":{"line":93,"column":0}},"93":{"start":{"line":94,"column":0},"end":{"line":94,"column":21}},"94":{"start":{"line":95,"column":0},"end":{"line":95,"column":0}},"95":{"start":{"line":96,"column":0},"end":{"line":96,"column":30}},"96":{"start":{"line":97,"column":0},"end":{"line":97,"column":35}},"97":{"start":{"line":98,"column":0},"end":{"line":98,"column":0}},"98":{"start":{"line":99,"column":0},"end":{"line":99,"column":32}},"99":{"start":{"line":100,"column":0},"end":{"line":100,"column":26}},"100":{"start":{"line":101,"column":0},"end":{"line":101,"column":0}},"101":{"start":{"line":102,"column":0},"end":{"line":102,"column":28}},"102":{"start":{"line":103,"column":0},"end":{"line":103,"column":23}},"103":{"start":{"line":104,"column":0},"end":{"line":104,"column":44}},"104":{"start":{"line":105,"column":0},"end":{"line":105,"column":35}},"105":{"start":{"line":106,"column":0},"end":{"line":106,"column":19}},"106":{"start":{"line":107,"column":0},"end":{"line":107,"column":28}},"107":{"start":{"line":108,"column":0},"end":{"line":108,"column":51}},"108":{"start":{"line":109,"column":0},"end":{"line":109,"column":13}},"109":{"start":{"line":110,"column":0},"end":{"line":110,"column":11}},"110":{"start":{"line":111,"column":0},"end":{"line":111,"column":34}},"111":{"start":{"line":112,"column":0},"end":{"line":112,"column":23}},"112":{"start":{"line":113,"column":0},"end":{"line":113,"column":44}},"113":{"start":{"line":114,"column":0},"end":{"line":114,"column":35}},"114":{"start":{"line":115,"column":0},"end":{"line":115,"column":19}},"115":{"start":{"line":116,"column":0},"end":{"line":116,"column":28}},"116":{"start":{"line":117,"column":0},"end":{"line":117,"column":51}},"117":{"start":{"line":118,"column":0},"end":{"line":118,"column":13}},"118":{"start":{"line":119,"column":0},"end":{"line":119,"column":11}},"119":{"start":{"line":120,"column":0},"end":{"line":120,"column":9}},"120":{"start":{"line":121,"column":0},"end":{"line":121,"column":0}},"121":{"start":{"line":122,"column":0},"end":{"line":122,"column":22}},"122":{"start":{"line":123,"column":0},"end":{"line":123,"column":11}},"123":{"start":{"line":124,"column":0},"end":{"line":124,"column":0}},"124":{"start":{"line":125,"column":0},"end":{"line":125,"column":37}},"125":{"start":{"line":126,"column":0},"end":{"line":126,"column":27}},"126":{"start":{"line":127,"column":0},"end":{"line":127,"column":0}},"127":{"start":{"line":128,"column":0},"end":{"line":128,"column":43}},"128":{"start":{"line":129,"column":0},"end":{"line":129,"column":36}},"129":{"start":{"line":130,"column":0},"end":{"line":130,"column":36}},"130":{"start":{"line":131,"column":0},"end":{"line":131,"column":0}},"131":{"start":{"line":132,"column":0},"end":{"line":132,"column":48}},"132":{"start":{"line":133,"column":0},"end":{"line":133,"column":0}},"133":{"start":{"line":134,"column":0},"end":{"line":134,"column":42}},"134":{"start":{"line":135,"column":0},"end":{"line":135,"column":28}},"135":{"start":{"line":136,"column":0},"end":{"line":136,"column":11}},"136":{"start":{"line":137,"column":0},"end":{"line":137,"column":11}},"137":{"start":{"line":138,"column":0},"end":{"line":138,"column":0}},"138":{"start":{"line":139,"column":0},"end":{"line":139,"column":23}},"139":{"start":{"line":140,"column":0},"end":{"line":140,"column":8}},"140":{"start":{"line":141,"column":0},"end":{"line":141,"column":0}},"141":{"start":{"line":142,"column":0},"end":{"line":142,"column":30}},"142":{"start":{"line":143,"column":0},"end":{"line":143,"column":38}},"143":{"start":{"line":144,"column":0},"end":{"line":144,"column":20}},"144":{"start":{"line":145,"column":0},"end":{"line":145,"column":7}},"145":{"start":{"line":146,"column":0},"end":{"line":146,"column":0}},"146":{"start":{"line":147,"column":0},"end":{"line":147,"column":19}},"147":{"start":{"line":148,"column":0},"end":{"line":148,"column":6}},"148":{"start":{"line":149,"column":0},"end":{"line":149,"column":0}},"149":{"start":{"line":150,"column":0},"end":{"line":150,"column":55}},"150":{"start":{"line":151,"column":0},"end":{"line":151,"column":56}},"151":{"start":{"line":152,"column":0},"end":{"line":152,"column":48}},"152":{"start":{"line":153,"column":0},"end":{"line":153,"column":50}},"153":{"start":{"line":154,"column":0},"end":{"line":154,"column":32}},"154":{"start":{"line":155,"column":0},"end":{"line":155,"column":0}},"155":{"start":{"line":156,"column":0},"end":{"line":156,"column":45}},"156":{"start":{"line":157,"column":0},"end":{"line":157,"column":36}},"157":{"start":{"line":158,"column":0},"end":{"line":158,"column":36}},"158":{"start":{"line":159,"column":0},"end":{"line":159,"column":0}},"159":{"start":{"line":160,"column":0},"end":{"line":160,"column":45}},"160":{"start":{"line":161,"column":0},"end":{"line":161,"column":9}},"161":{"start":{"line":162,"column":0},"end":{"line":162,"column":5}},"162":{"start":{"line":163,"column":0},"end":{"line":163,"column":4}},"163":{"start":{"line":164,"column":0},"end":{"line":164,"column":0}},"164":{"start":{"line":165,"column":0},"end":{"line":165,"column":34}},"165":{"start":{"line":166,"column":0},"end":{"line":166,"column":1}}},"s":{"0":1,"1":1,"2":1,"3":1,"4":1,"5":1,"6":1,"7":1,"8":1,"9":1,"10":1,"11":1,"12":1,"13":1,"14":1,"15":1,"16":1,"17":1,"18":1,"19":1,"20":1,"21":1,"22":1,"23":1,"24":1,"25":1,"26":1,"27":1,"28":1,"29":1,"30":1,"31":1,"32":2,"33":2,"34":7,"35":7,"36":2,"37":2,"38":5,"39":5,"40":3,"41":7,"42":2,"43":2,"44":2,"45":7,"46":2,"47":1,"48":1,"49":1,"50":1,"51":1,"52":6,"53":6,"54":6,"55":6,"56":6,"57":6,"58":6,"59":6,"60":6,"61":6,"62":6,"63":6,"64":6,"65":6,"66":6,"67":6,"68":6,"69":6,"70":6,"71":4,"72":4,"73":2,"74":2,"75":1,"76":1,"77":1,"78":3,"79":3,"80":0,"81":0,"82":0,"83":0,"84":0,"85":0,"86":3,"87":3,"88":0,"89":0,"90":0,"91":0,"92":3,"93":3,"94":3,"95":3,"96":3,"97":3,"98":3,"99":3,"100":3,"101":3,"102":0,"103":0,"104":0,"105":0,"106":0,"107":0,"108":0,"109":0,"110":3,"111":3,"112":3,"113":9,"114":9,"115":9,"116":0,"117":0,"118":9,"119":3,"120":3,"121":3,"122":3,"123":3,"124":3,"125":3,"126":3,"127":3,"128":9,"129":9,"130":9,"131":9,"132":9,"133":9,"134":0,"135":0,"136":3,"137":3,"138":3,"139":3,"140":3,"141":3,"142":3,"143":3,"144":3,"145":0,"146":0,"147":3,"148":3,"149":3,"150":3,"151":2,"152":2,"153":2,"154":2,"155":2,"156":6,"157":6,"158":6,"159":6,"160":2,"161":2,"162":1,"163":1,"164":1,"165":1},"branchMap":{"0":{"type":"branch","line":3,"loc":{"start":{"line":3,"column":15},"end":{"line":166,"column":1}},"locations":[{"start":{"line":3,"column":15},"end":{"line":166,"column":1}}]},"1":{"type":"branch","line":32,"loc":{"start":{"line":32,"column":23},"end":{"line":48,"column":3}},"locations":[{"start":{"line":32,"column":23},"end":{"line":48,"column":3}}]},"2":{"type":"branch","line":34,"loc":{"start":{"line":34,"column":33},"end":{"line":46,"column":5}},"locations":[{"start":{"line":34,"column":33},"end":{"line":46,"column":5}}]},"3":{"type":"branch","line":36,"loc":{"start":{"line":36,"column":38},"end":{"line":38,"column":7}},"locations":[{"start":{"line":36,"column":38},"end":{"line":38,"column":7}}]},"4":{"type":"branch","line":38,"loc":{"start":{"line":38,"column":6},"end":{"line":40,"column":48}},"locations":[{"start":{"line":38,"column":6},"end":{"line":40,"column":48}}]},"5":{"type":"branch","line":40,"loc":{"start":{"line":40,"column":45},"end":{"line":41,"column":43}},"locations":[{"start":{"line":40,"column":45},"end":{"line":41,"column":43}}]},"6":{"type":"branch","line":42,"loc":{"start":{"line":42,"column":8},"end":{"line":45,"column":7}},"locations":[{"start":{"line":42,"column":8},"end":{"line":45,"column":7}}]},"7":{"type":"branch","line":52,"loc":{"start":{"line":52,"column":32},"end":{"line":76,"column":3}},"locations":[{"start":{"line":52,"column":32},"end":{"line":76,"column":3}}]},"8":{"type":"branch","line":71,"loc":{"start":{"line":71,"column":53},"end":{"line":73,"column":5}},"locations":[{"start":{"line":71,"column":53},"end":{"line":73,"column":5}}]},"9":{"type":"branch","line":73,"loc":{"start":{"line":73,"column":4},"end":{"line":76,"column":3}},"locations":[{"start":{"line":73,"column":4},"end":{"line":76,"column":3}}]},"10":{"type":"branch","line":60,"loc":{"start":{"line":60,"column":24},"end":{"line":68,"column":5}},"locations":[{"start":{"line":60,"column":24},"end":{"line":68,"column":5}}]},"11":{"type":"branch","line":78,"loc":{"start":{"line":78,"column":20},"end":{"line":163,"column":3}},"locations":[{"start":{"line":78,"column":20},"end":{"line":163,"column":3}}]},"12":{"type":"branch","line":80,"loc":{"start":{"line":80,"column":44},"end":{"line":86,"column":5}},"locations":[{"start":{"line":80,"column":44},"end":{"line":86,"column":5}}]},"13":{"type":"branch","line":88,"loc":{"start":{"line":88,"column":32},"end":{"line":92,"column":5}},"locations":[{"start":{"line":88,"column":32},"end":{"line":92,"column":5}}]},"14":{"type":"branch","line":151,"loc":{"start":{"line":151,"column":55},"end":{"line":162,"column":5}},"locations":[{"start":{"line":151,"column":55},"end":{"line":162,"column":5}}]},"15":{"type":"branch","line":96,"loc":{"start":{"line":96,"column":23},"end":{"line":148,"column":5}},"locations":[{"start":{"line":96,"column":23},"end":{"line":148,"column":5}}]},"16":{"type":"branch","line":145,"loc":{"start":{"line":145,"column":6},"end":{"line":148,"column":5}},"locations":[{"start":{"line":145,"column":6},"end":{"line":148,"column":5}}]},"17":{"type":"branch","line":99,"loc":{"start":{"line":99,"column":25},"end":{"line":123,"column":7}},"locations":[{"start":{"line":99,"column":25},"end":{"line":123,"column":7}}]},"18":{"type":"branch","line":102,"loc":{"start":{"line":102,"column":27},"end":{"line":111,"column":9}},"locations":[{"start":{"line":102,"column":27},"end":{"line":111,"column":9}}]},"19":{"type":"branch","line":113,"loc":{"start":{"line":113,"column":43},"end":{"line":119,"column":11}},"locations":[{"start":{"line":113,"column":43},"end":{"line":119,"column":11}}]},"20":{"type":"branch","line":116,"loc":{"start":{"line":116,"column":27},"end":{"line":118,"column":13}},"locations":[{"start":{"line":116,"column":27},"end":{"line":118,"column":13}}]},"21":{"type":"branch","line":125,"loc":{"start":{"line":125,"column":30},"end":{"line":140,"column":7}},"locations":[{"start":{"line":125,"column":30},"end":{"line":140,"column":7}}]},"22":{"type":"branch","line":128,"loc":{"start":{"line":128,"column":26},"end":{"line":137,"column":9}},"locations":[{"start":{"line":128,"column":26},"end":{"line":137,"column":9}}]},"23":{"type":"branch","line":134,"loc":{"start":{"line":134,"column":41},"end":{"line":136,"column":11}},"locations":[{"start":{"line":134,"column":41},"end":{"line":136,"column":11}}]},"24":{"type":"branch","line":156,"loc":{"start":{"line":156,"column":27},"end":{"line":161,"column":7}},"locations":[{"start":{"line":156,"column":27},"end":{"line":161,"column":7}}]}},"b":{"0":[1],"1":[2],"2":[7],"3":[2],"4":[5],"5":[3],"6":[2],"7":[6],"8":[4],"9":[2],"10":[6],"11":[3],"12":[0],"13":[0],"14":[2],"15":[3],"16":[0],"17":[3],"18":[0],"19":[9],"20":[0],"21":[3],"22":[9],"23":[0],"24":[6]},"fnMap":{"0":{"name":"Gameboard","decl":{"start":{"line":3,"column":15},"end":{"line":166,"column":1}},"loc":{"start":{"line":3,"column":15},"end":{"line":166,"column":1}},"line":3},"1":{"name":"newShipIndex","decl":{"start":{"line":32,"column":23},"end":{"line":48,"column":3}},"loc":{"start":{"line":32,"column":23},"end":{"line":48,"column":3}},"line":32},"2":{"name":"shipNumberRulesPassed","decl":{"start":{"line":52,"column":32},"end":{"line":76,"column":3}},"loc":{"start":{"line":52,"column":32},"end":{"line":76,"column":3}},"line":52},"3":{"name":"_occurances","decl":{"start":{"line":60,"column":24},"end":{"line":68,"column":5}},"loc":{"start":{"line":60,"column":24},"end":{"line":68,"column":5}},"line":60},"4":{"name":"placeShip","decl":{"start":{"line":78,"column":20},"end":{"line":163,"column":3}},"loc":{"start":{"line":78,"column":20},"end":{"line":163,"column":3}},"line":78},"5":{"name":"checkCoord","decl":{"start":{"line":81,"column":22},"end":{"line":85,"column":7}},"loc":{"start":{"line":81,"column":22},"end":{"line":85,"column":7}},"line":81},"6":{"name":"checkCoord","decl":{"start":{"line":89,"column":22},"end":{"line":91,"column":7}},"loc":{"start":{"line":89,"column":22},"end":{"line":91,"column":7}},"line":89},"7":{"name":"checkCoord","decl":{"start":{"line":96,"column":23},"end":{"line":148,"column":5}},"loc":{"start":{"line":96,"column":23},"end":{"line":148,"column":5}},"line":96},"8":{"name":"checkForOverlap","decl":{"start":{"line":125,"column":30},"end":{"line":140,"column":7}},"loc":{"start":{"line":125,"column":30},"end":{"line":140,"column":7}},"line":125}},"f":{"0":1,"1":2,"2":6,"3":6,"4":3,"5":0,"6":0,"7":3,"8":3}}
}
