{"/home/aleksas/repos/odin-battleships/src/logic/gameboard.js": {"path":"/home/aleksas/repos/odin-battleships/src/logic/gameboard.js","all":false,"statementMap":{"0":{"start":{"line":1,"column":0},"end":{"line":1,"column":26}},"1":{"start":{"line":2,"column":0},"end":{"line":2,"column":0}},"2":{"start":{"line":3,"column":0},"end":{"line":3,"column":37}},"3":{"start":{"line":4,"column":0},"end":{"line":4,"column":56}},"4":{"start":{"line":5,"column":0},"end":{"line":5,"column":21}},"5":{"start":{"line":6,"column":0},"end":{"line":6,"column":35}},"6":{"start":{"line":7,"column":0},"end":{"line":7,"column":35}},"7":{"start":{"line":8,"column":0},"end":{"line":8,"column":35}},"8":{"start":{"line":9,"column":0},"end":{"line":9,"column":35}},"9":{"start":{"line":10,"column":0},"end":{"line":10,"column":35}},"10":{"start":{"line":11,"column":0},"end":{"line":11,"column":35}},"11":{"start":{"line":12,"column":0},"end":{"line":12,"column":35}},"12":{"start":{"line":13,"column":0},"end":{"line":13,"column":35}},"13":{"start":{"line":14,"column":0},"end":{"line":14,"column":35}},"14":{"start":{"line":15,"column":0},"end":{"line":15,"column":35}},"15":{"start":{"line":16,"column":0},"end":{"line":16,"column":4}},"16":{"start":{"line":17,"column":0},"end":{"line":17,"column":0}},"17":{"start":{"line":18,"column":0},"end":{"line":18,"column":27}},"18":{"start":{"line":19,"column":0},"end":{"line":19,"column":9}},"19":{"start":{"line":20,"column":0},"end":{"line":20,"column":12}},"20":{"start":{"line":21,"column":0},"end":{"line":21,"column":12}},"21":{"start":{"line":22,"column":0},"end":{"line":22,"column":12}},"22":{"start":{"line":23,"column":0},"end":{"line":23,"column":12}},"23":{"start":{"line":24,"column":0},"end":{"line":24,"column":12}},"24":{"start":{"line":25,"column":0},"end":{"line":25,"column":12}},"25":{"start":{"line":26,"column":0},"end":{"line":26,"column":12}},"26":{"start":{"line":27,"column":0},"end":{"line":27,"column":12}},"27":{"start":{"line":28,"column":0},"end":{"line":28,"column":12}},"28":{"start":{"line":29,"column":0},"end":{"line":29,"column":12}},"29":{"start":{"line":30,"column":0},"end":{"line":30,"column":4}},"30":{"start":{"line":31,"column":0},"end":{"line":31,"column":0}},"31":{"start":{"line":32,"column":0},"end":{"line":32,"column":36}},"32":{"start":{"line":33,"column":0},"end":{"line":33,"column":14}},"33":{"start":{"line":34,"column":0},"end":{"line":34,"column":34}},"34":{"start":{"line":35,"column":0},"end":{"line":35,"column":57}},"35":{"start":{"line":36,"column":0},"end":{"line":36,"column":39}},"36":{"start":{"line":37,"column":0},"end":{"line":37,"column":17}},"37":{"start":{"line":38,"column":0},"end":{"line":38,"column":7}},"38":{"start":{"line":39,"column":0},"end":{"line":39,"column":10}},"39":{"start":{"line":40,"column":0},"end":{"line":40,"column":48}},"40":{"start":{"line":41,"column":0},"end":{"line":41,"column":43}},"41":{"start":{"line":42,"column":0},"end":{"line":42,"column":9}},"42":{"start":{"line":43,"column":0},"end":{"line":43,"column":18}},"43":{"start":{"line":44,"column":0},"end":{"line":44,"column":14}},"44":{"start":{"line":45,"column":0},"end":{"line":45,"column":7}},"45":{"start":{"line":46,"column":0},"end":{"line":46,"column":5}},"46":{"start":{"line":47,"column":0},"end":{"line":47,"column":17}},"47":{"start":{"line":48,"column":0},"end":{"line":48,"column":4}},"48":{"start":{"line":49,"column":0},"end":{"line":49,"column":0}},"49":{"start":{"line":50,"column":0},"end":{"line":50,"column":26}},"50":{"start":{"line":51,"column":0},"end":{"line":51,"column":0}},"51":{"start":{"line":52,"column":0},"end":{"line":52,"column":19}},"52":{"start":{"line":53,"column":0},"end":{"line":53,"column":45}},"53":{"start":{"line":54,"column":0},"end":{"line":54,"column":32}},"54":{"start":{"line":55,"column":0},"end":{"line":55,"column":11}},"55":{"start":{"line":56,"column":0},"end":{"line":56,"column":11}},"56":{"start":{"line":57,"column":0},"end":{"line":57,"column":11}},"57":{"start":{"line":58,"column":0},"end":{"line":58,"column":11}},"58":{"start":{"line":59,"column":0},"end":{"line":59,"column":6}},"59":{"start":{"line":60,"column":0},"end":{"line":60,"column":0}},"60":{"start":{"line":61,"column":0},"end":{"line":61,"column":37}},"61":{"start":{"line":62,"column":0},"end":{"line":62,"column":22}},"62":{"start":{"line":63,"column":0},"end":{"line":63,"column":34}},"63":{"start":{"line":64,"column":0},"end":{"line":64,"column":29}},"64":{"start":{"line":65,"column":0},"end":{"line":65,"column":20}},"65":{"start":{"line":66,"column":0},"end":{"line":66,"column":9}},"66":{"start":{"line":67,"column":0},"end":{"line":67,"column":7}},"67":{"start":{"line":68,"column":0},"end":{"line":68,"column":6}},"68":{"start":{"line":69,"column":0},"end":{"line":69,"column":0}},"69":{"start":{"line":70,"column":0},"end":{"line":70,"column":8}},"70":{"start":{"line":71,"column":0},"end":{"line":71,"column":38}},"71":{"start":{"line":72,"column":0},"end":{"line":72,"column":67}},"72":{"start":{"line":73,"column":0},"end":{"line":73,"column":7}},"73":{"start":{"line":74,"column":0},"end":{"line":74,"column":18}},"74":{"start":{"line":75,"column":0},"end":{"line":75,"column":5}},"75":{"start":{"line":76,"column":0},"end":{"line":76,"column":0}},"76":{"start":{"line":77,"column":0},"end":{"line":77,"column":31}},"77":{"start":{"line":78,"column":0},"end":{"line":78,"column":16}},"78":{"start":{"line":79,"column":0},"end":{"line":79,"column":4}},"79":{"start":{"line":80,"column":0},"end":{"line":80,"column":0}},"80":{"start":{"line":81,"column":0},"end":{"line":81,"column":53}},"81":{"start":{"line":82,"column":0},"end":{"line":82,"column":49}},"82":{"start":{"line":83,"column":0},"end":{"line":83,"column":45}},"83":{"start":{"line":84,"column":0},"end":{"line":84,"column":30}},"84":{"start":{"line":85,"column":0},"end":{"line":85,"column":22}},"85":{"start":{"line":86,"column":0},"end":{"line":86,"column":75}},"86":{"start":{"line":87,"column":0},"end":{"line":87,"column":10}},"87":{"start":{"line":88,"column":0},"end":{"line":88,"column":9}},"88":{"start":{"line":89,"column":0},"end":{"line":89,"column":5}},"89":{"start":{"line":90,"column":0},"end":{"line":90,"column":0}},"90":{"start":{"line":91,"column":0},"end":{"line":91,"column":33}},"91":{"start":{"line":92,"column":0},"end":{"line":92,"column":30}},"92":{"start":{"line":93,"column":0},"end":{"line":93,"column":58}},"93":{"start":{"line":94,"column":0},"end":{"line":94,"column":9}},"94":{"start":{"line":95,"column":0},"end":{"line":95,"column":5}},"95":{"start":{"line":96,"column":0},"end":{"line":96,"column":0}},"96":{"start":{"line":97,"column":0},"end":{"line":97,"column":21}},"97":{"start":{"line":98,"column":0},"end":{"line":98,"column":0}},"98":{"start":{"line":99,"column":0},"end":{"line":99,"column":30}},"99":{"start":{"line":100,"column":0},"end":{"line":100,"column":35}},"100":{"start":{"line":101,"column":0},"end":{"line":101,"column":0}},"101":{"start":{"line":102,"column":0},"end":{"line":102,"column":32}},"102":{"start":{"line":103,"column":0},"end":{"line":103,"column":26}},"103":{"start":{"line":104,"column":0},"end":{"line":104,"column":0}},"104":{"start":{"line":105,"column":0},"end":{"line":105,"column":28}},"105":{"start":{"line":106,"column":0},"end":{"line":106,"column":23}},"106":{"start":{"line":107,"column":0},"end":{"line":107,"column":44}},"107":{"start":{"line":108,"column":0},"end":{"line":108,"column":35}},"108":{"start":{"line":109,"column":0},"end":{"line":109,"column":19}},"109":{"start":{"line":110,"column":0},"end":{"line":110,"column":28}},"110":{"start":{"line":111,"column":0},"end":{"line":111,"column":51}},"111":{"start":{"line":112,"column":0},"end":{"line":112,"column":13}},"112":{"start":{"line":113,"column":0},"end":{"line":113,"column":11}},"113":{"start":{"line":114,"column":0},"end":{"line":114,"column":34}},"114":{"start":{"line":115,"column":0},"end":{"line":115,"column":23}},"115":{"start":{"line":116,"column":0},"end":{"line":116,"column":44}},"116":{"start":{"line":117,"column":0},"end":{"line":117,"column":35}},"117":{"start":{"line":118,"column":0},"end":{"line":118,"column":19}},"118":{"start":{"line":119,"column":0},"end":{"line":119,"column":28}},"119":{"start":{"line":120,"column":0},"end":{"line":120,"column":51}},"120":{"start":{"line":121,"column":0},"end":{"line":121,"column":13}},"121":{"start":{"line":122,"column":0},"end":{"line":122,"column":11}},"122":{"start":{"line":123,"column":0},"end":{"line":123,"column":9}},"123":{"start":{"line":124,"column":0},"end":{"line":124,"column":0}},"124":{"start":{"line":125,"column":0},"end":{"line":125,"column":22}},"125":{"start":{"line":126,"column":0},"end":{"line":126,"column":11}},"126":{"start":{"line":127,"column":0},"end":{"line":127,"column":0}},"127":{"start":{"line":128,"column":0},"end":{"line":128,"column":37}},"128":{"start":{"line":129,"column":0},"end":{"line":129,"column":27}},"129":{"start":{"line":130,"column":0},"end":{"line":130,"column":0}},"130":{"start":{"line":131,"column":0},"end":{"line":131,"column":43}},"131":{"start":{"line":132,"column":0},"end":{"line":132,"column":36}},"132":{"start":{"line":133,"column":0},"end":{"line":133,"column":36}},"133":{"start":{"line":134,"column":0},"end":{"line":134,"column":0}},"134":{"start":{"line":135,"column":0},"end":{"line":135,"column":48}},"135":{"start":{"line":136,"column":0},"end":{"line":136,"column":0}},"136":{"start":{"line":137,"column":0},"end":{"line":137,"column":42}},"137":{"start":{"line":138,"column":0},"end":{"line":138,"column":28}},"138":{"start":{"line":139,"column":0},"end":{"line":139,"column":11}},"139":{"start":{"line":140,"column":0},"end":{"line":140,"column":11}},"140":{"start":{"line":141,"column":0},"end":{"line":141,"column":0}},"141":{"start":{"line":142,"column":0},"end":{"line":142,"column":23}},"142":{"start":{"line":143,"column":0},"end":{"line":143,"column":8}},"143":{"start":{"line":144,"column":0},"end":{"line":144,"column":0}},"144":{"start":{"line":145,"column":0},"end":{"line":145,"column":30}},"145":{"start":{"line":146,"column":0},"end":{"line":146,"column":38}},"146":{"start":{"line":147,"column":0},"end":{"line":147,"column":20}},"147":{"start":{"line":148,"column":0},"end":{"line":148,"column":7}},"148":{"start":{"line":149,"column":0},"end":{"line":149,"column":0}},"149":{"start":{"line":150,"column":0},"end":{"line":150,"column":19}},"150":{"start":{"line":151,"column":0},"end":{"line":151,"column":6}},"151":{"start":{"line":152,"column":0},"end":{"line":152,"column":0}},"152":{"start":{"line":153,"column":0},"end":{"line":153,"column":56}},"153":{"start":{"line":154,"column":0},"end":{"line":154,"column":48}},"154":{"start":{"line":155,"column":0},"end":{"line":155,"column":50}},"155":{"start":{"line":156,"column":0},"end":{"line":156,"column":40}},"156":{"start":{"line":157,"column":0},"end":{"line":157,"column":0}},"157":{"start":{"line":158,"column":0},"end":{"line":158,"column":45}},"158":{"start":{"line":159,"column":0},"end":{"line":159,"column":36}},"159":{"start":{"line":160,"column":0},"end":{"line":160,"column":36}},"160":{"start":{"line":161,"column":0},"end":{"line":161,"column":0}},"161":{"start":{"line":162,"column":0},"end":{"line":162,"column":45}},"162":{"start":{"line":163,"column":0},"end":{"line":163,"column":9}},"163":{"start":{"line":164,"column":0},"end":{"line":164,"column":5}},"164":{"start":{"line":165,"column":0},"end":{"line":165,"column":4}},"165":{"start":{"line":166,"column":0},"end":{"line":166,"column":0}},"166":{"start":{"line":167,"column":0},"end":{"line":167,"column":34}},"167":{"start":{"line":168,"column":0},"end":{"line":168,"column":1}},"168":{"start":{"line":169,"column":0},"end":{"line":169,"column":0}},"169":{"start":{"line":170,"column":0},"end":{"line":170,"column":37}},"170":{"start":{"line":171,"column":0},"end":{"line":171,"column":0}},"171":{"start":{"line":172,"column":0},"end":{"line":172,"column":42}},"172":{"start":{"line":173,"column":0},"end":{"line":173,"column":43}},"173":{"start":{"line":174,"column":0},"end":{"line":174,"column":0}},"174":{"start":{"line":175,"column":0},"end":{"line":175,"column":40}}},"s":{"0":1,"1":1,"2":1,"3":6,"4":6,"5":6,"6":6,"7":6,"8":6,"9":6,"10":6,"11":6,"12":6,"13":6,"14":6,"15":6,"16":6,"17":6,"18":6,"19":6,"20":6,"21":6,"22":6,"23":6,"24":6,"25":6,"26":6,"27":6,"28":6,"29":6,"30":6,"31":6,"32":8,"33":8,"34":27,"35":27,"36":8,"37":8,"38":19,"39":19,"40":10,"41":27,"42":8,"43":8,"44":8,"45":27,"46":8,"47":6,"48":6,"49":6,"50":6,"51":6,"52":6,"53":8,"54":8,"55":8,"56":8,"57":8,"58":8,"59":8,"60":8,"61":0,"62":0,"63":0,"64":0,"65":0,"66":0,"67":8,"68":8,"69":8,"70":8,"71":0,"72":8,"73":0,"74":0,"75":8,"76":8,"77":8,"78":6,"79":6,"80":6,"81":10,"82":10,"83":0,"84":0,"85":0,"86":0,"87":0,"88":0,"89":10,"90":10,"91":0,"92":0,"93":0,"94":0,"95":10,"96":10,"97":10,"98":10,"99":10,"100":10,"101":10,"102":10,"103":10,"104":10,"105":5,"106":5,"107":16,"108":16,"109":16,"110":0,"111":0,"112":16,"113":5,"114":5,"115":5,"116":14,"117":14,"118":14,"119":0,"120":0,"121":14,"122":5,"123":10,"124":10,"125":10,"126":10,"127":10,"128":10,"129":10,"130":10,"131":30,"132":30,"133":30,"134":30,"135":30,"136":30,"137":2,"138":2,"139":10,"140":10,"141":10,"142":10,"143":10,"144":10,"145":8,"146":8,"147":8,"148":2,"149":2,"150":10,"151":10,"152":10,"153":8,"154":8,"155":8,"156":8,"157":8,"158":24,"159":24,"160":24,"161":24,"162":8,"163":8,"164":6,"165":6,"166":6,"167":6,"168":1,"169":1,"170":1,"171":1,"172":1,"173":1,"174":1},"branchMap":{"0":{"type":"branch","line":3,"loc":{"start":{"line":3,"column":15},"end":{"line":168,"column":1}},"locations":[{"start":{"line":3,"column":15},"end":{"line":168,"column":1}}]},"1":{"type":"branch","line":32,"loc":{"start":{"line":32,"column":23},"end":{"line":48,"column":3}},"locations":[{"start":{"line":32,"column":23},"end":{"line":48,"column":3}}]},"2":{"type":"branch","line":34,"loc":{"start":{"line":34,"column":33},"end":{"line":46,"column":5}},"locations":[{"start":{"line":34,"column":33},"end":{"line":46,"column":5}}]},"3":{"type":"branch","line":36,"loc":{"start":{"line":36,"column":38},"end":{"line":38,"column":7}},"locations":[{"start":{"line":36,"column":38},"end":{"line":38,"column":7}}]},"4":{"type":"branch","line":38,"loc":{"start":{"line":38,"column":6},"end":{"line":40,"column":48}},"locations":[{"start":{"line":38,"column":6},"end":{"line":40,"column":48}}]},"5":{"type":"branch","line":40,"loc":{"start":{"line":40,"column":45},"end":{"line":41,"column":43}},"locations":[{"start":{"line":40,"column":45},"end":{"line":41,"column":43}}]},"6":{"type":"branch","line":42,"loc":{"start":{"line":42,"column":8},"end":{"line":45,"column":7}},"locations":[{"start":{"line":42,"column":8},"end":{"line":45,"column":7}}]},"7":{"type":"branch","line":53,"loc":{"start":{"line":53,"column":32},"end":{"line":79,"column":3}},"locations":[{"start":{"line":53,"column":32},"end":{"line":79,"column":3}}]},"8":{"type":"branch","line":71,"loc":{"start":{"line":71,"column":35},"end":{"line":72,"column":67}},"locations":[{"start":{"line":71,"column":35},"end":{"line":72,"column":67}}]},"9":{"type":"branch","line":73,"loc":{"start":{"line":73,"column":6},"end":{"line":75,"column":5}},"locations":[{"start":{"line":73,"column":6},"end":{"line":75,"column":5}}]},"10":{"type":"branch","line":81,"loc":{"start":{"line":81,"column":20},"end":{"line":165,"column":3}},"locations":[{"start":{"line":81,"column":20},"end":{"line":165,"column":3}}]},"11":{"type":"branch","line":83,"loc":{"start":{"line":83,"column":44},"end":{"line":89,"column":5}},"locations":[{"start":{"line":83,"column":44},"end":{"line":89,"column":5}}]},"12":{"type":"branch","line":91,"loc":{"start":{"line":91,"column":32},"end":{"line":95,"column":5}},"locations":[{"start":{"line":91,"column":32},"end":{"line":95,"column":5}}]},"13":{"type":"branch","line":153,"loc":{"start":{"line":153,"column":20},"end":{"line":153,"column":53}},"locations":[{"start":{"line":153,"column":20},"end":{"line":153,"column":53}}]},"14":{"type":"branch","line":153,"loc":{"start":{"line":153,"column":55},"end":{"line":164,"column":5}},"locations":[{"start":{"line":153,"column":55},"end":{"line":164,"column":5}}]},"15":{"type":"branch","line":99,"loc":{"start":{"line":99,"column":23},"end":{"line":151,"column":5}},"locations":[{"start":{"line":99,"column":23},"end":{"line":151,"column":5}}]},"16":{"type":"branch","line":145,"loc":{"start":{"line":145,"column":29},"end":{"line":148,"column":7}},"locations":[{"start":{"line":145,"column":29},"end":{"line":148,"column":7}}]},"17":{"type":"branch","line":148,"loc":{"start":{"line":148,"column":6},"end":{"line":151,"column":5}},"locations":[{"start":{"line":148,"column":6},"end":{"line":151,"column":5}}]},"18":{"type":"branch","line":102,"loc":{"start":{"line":102,"column":25},"end":{"line":126,"column":7}},"locations":[{"start":{"line":102,"column":25},"end":{"line":126,"column":7}}]},"19":{"type":"branch","line":105,"loc":{"start":{"line":105,"column":27},"end":{"line":123,"column":9}},"locations":[{"start":{"line":105,"column":27},"end":{"line":123,"column":9}}]},"20":{"type":"branch","line":107,"loc":{"start":{"line":107,"column":43},"end":{"line":113,"column":11}},"locations":[{"start":{"line":107,"column":43},"end":{"line":113,"column":11}}]},"21":{"type":"branch","line":110,"loc":{"start":{"line":110,"column":27},"end":{"line":112,"column":13}},"locations":[{"start":{"line":110,"column":27},"end":{"line":112,"column":13}}]},"22":{"type":"branch","line":116,"loc":{"start":{"line":116,"column":43},"end":{"line":122,"column":11}},"locations":[{"start":{"line":116,"column":43},"end":{"line":122,"column":11}}]},"23":{"type":"branch","line":119,"loc":{"start":{"line":119,"column":27},"end":{"line":121,"column":13}},"locations":[{"start":{"line":119,"column":27},"end":{"line":121,"column":13}}]},"24":{"type":"branch","line":128,"loc":{"start":{"line":128,"column":30},"end":{"line":143,"column":7}},"locations":[{"start":{"line":128,"column":30},"end":{"line":143,"column":7}}]},"25":{"type":"branch","line":131,"loc":{"start":{"line":131,"column":26},"end":{"line":140,"column":9}},"locations":[{"start":{"line":131,"column":26},"end":{"line":140,"column":9}}]},"26":{"type":"branch","line":137,"loc":{"start":{"line":137,"column":41},"end":{"line":139,"column":11}},"locations":[{"start":{"line":137,"column":41},"end":{"line":139,"column":11}}]},"27":{"type":"branch","line":158,"loc":{"start":{"line":158,"column":27},"end":{"line":163,"column":7}},"locations":[{"start":{"line":158,"column":27},"end":{"line":163,"column":7}}]}},"b":{"0":[6],"1":[8],"2":[27],"3":[8],"4":[19],"5":[10],"6":[8],"7":[8],"8":[0],"9":[0],"10":[10],"11":[0],"12":[0],"13":[8],"14":[8],"15":[10],"16":[8],"17":[2],"18":[10],"19":[5],"20":[16],"21":[0],"22":[14],"23":[0],"24":[10],"25":[30],"26":[2],"27":[24]},"fnMap":{"0":{"name":"Gameboard","decl":{"start":{"line":3,"column":15},"end":{"line":168,"column":1}},"loc":{"start":{"line":3,"column":15},"end":{"line":168,"column":1}},"line":3},"1":{"name":"newShipIndex","decl":{"start":{"line":32,"column":23},"end":{"line":48,"column":3}},"loc":{"start":{"line":32,"column":23},"end":{"line":48,"column":3}},"line":32},"2":{"name":"shipNumberRulesPassed","decl":{"start":{"line":53,"column":32},"end":{"line":79,"column":3}},"loc":{"start":{"line":53,"column":32},"end":{"line":79,"column":3}},"line":53},"3":{"name":"_occurances","decl":{"start":{"line":61,"column":24},"end":{"line":68,"column":5}},"loc":{"start":{"line":61,"column":24},"end":{"line":68,"column":5}},"line":61},"4":{"name":"placeShip","decl":{"start":{"line":81,"column":20},"end":{"line":165,"column":3}},"loc":{"start":{"line":81,"column":20},"end":{"line":165,"column":3}},"line":81},"5":{"name":"checkCoord","decl":{"start":{"line":84,"column":22},"end":{"line":88,"column":7}},"loc":{"start":{"line":84,"column":22},"end":{"line":88,"column":7}},"line":84},"6":{"name":"checkCoord","decl":{"start":{"line":92,"column":22},"end":{"line":94,"column":7}},"loc":{"start":{"line":92,"column":22},"end":{"line":94,"column":7}},"line":92},"7":{"name":"checkCoord","decl":{"start":{"line":99,"column":23},"end":{"line":151,"column":5}},"loc":{"start":{"line":99,"column":23},"end":{"line":151,"column":5}},"line":99},"8":{"name":"checkForOverlap","decl":{"start":{"line":128,"column":30},"end":{"line":143,"column":7}},"loc":{"start":{"line":128,"column":30},"end":{"line":143,"column":7}},"line":128}},"f":{"0":6,"1":8,"2":8,"3":0,"4":10,"5":0,"6":0,"7":10,"8":10}}
}
