TN:
SF:src/logic/gameboard.js
FN:3,Gameboard
FN:32,newShipIndex
FN:52,shipNumberRulesPassed
FN:60,_occurances
FN:78,placeShip
FN:81,checkCoord
FN:89,checkCoord
FN:96,checkCoord
FN:125,checkForOverlap
FN:167,receiveAttack
FN:177,allShipsSunk
FNF:11
FNH:8
FNDA:9,Gameboard
FNDA:16,newShipIndex
FNDA:17,shipNumberRulesPassed
FNDA:17,_occurances
FNDA:17,placeShip
FNDA:0,checkCoord
FNDA:0,checkCoord
FNDA:17,checkCoord
FNDA:17,checkForOverlap
FNDA:11,receiveAttack
FNDA:0,allShipsSunk
DA:1,1
DA:2,1
DA:3,1
DA:4,9
DA:5,9
DA:6,9
DA:7,9
DA:8,9
DA:9,9
DA:10,9
DA:11,9
DA:12,9
DA:13,9
DA:14,9
DA:15,9
DA:16,9
DA:17,9
DA:18,9
DA:19,9
DA:20,9
DA:21,9
DA:22,9
DA:23,9
DA:24,9
DA:25,9
DA:26,9
DA:27,9
DA:28,9
DA:29,9
DA:30,9
DA:31,9
DA:32,9
DA:33,16
DA:34,16
DA:35,56
DA:36,56
DA:37,16
DA:38,16
DA:39,40
DA:40,40
DA:41,23
DA:42,56
DA:43,16
DA:44,16
DA:45,16
DA:46,56
DA:47,16
DA:48,9
DA:49,9
DA:50,9
DA:51,9
DA:52,9
DA:53,17
DA:54,17
DA:55,17
DA:56,17
DA:57,17
DA:58,17
DA:59,17
DA:60,17
DA:61,17
DA:62,17
DA:63,17
DA:64,9
DA:65,9
DA:66,9
DA:67,9
DA:68,17
DA:69,17
DA:70,17
DA:71,17
DA:72,16
DA:73,16
DA:74,1
DA:75,1
DA:76,9
DA:77,9
DA:78,9
DA:79,17
DA:80,17
DA:81,0
DA:82,0
DA:83,0
DA:84,0
DA:85,0
DA:86,0
DA:87,17
DA:88,17
DA:89,0
DA:90,0
DA:91,0
DA:92,0
DA:93,17
DA:94,17
DA:95,17
DA:96,17
DA:97,17
DA:98,17
DA:99,17
DA:100,17
DA:101,17
DA:102,17
DA:103,3
DA:104,3
DA:105,10
DA:106,10
DA:107,10
DA:108,0
DA:109,0
DA:110,10
DA:111,17
DA:112,14
DA:113,14
DA:114,41
DA:115,41
DA:116,41
DA:117,0
DA:118,0
DA:119,41
DA:120,14
DA:121,17
DA:122,17
DA:123,17
DA:124,17
DA:125,17
DA:126,17
DA:127,17
DA:128,17
DA:129,51
DA:130,51
DA:131,51
DA:132,51
DA:133,51
DA:134,51
DA:135,0
DA:136,0
DA:137,17
DA:138,17
DA:139,17
DA:140,17
DA:141,17
DA:142,17
DA:143,17
DA:144,17
DA:145,17
DA:146,0
DA:147,0
DA:148,17
DA:149,17
DA:150,17
DA:151,17
DA:152,16
DA:153,16
DA:154,16
DA:155,16
DA:156,16
DA:157,16
DA:158,48
DA:159,48
DA:160,48
DA:161,48
DA:162,16
DA:163,16
DA:164,9
DA:165,9
DA:166,9
DA:167,9
DA:168,11
DA:169,9
DA:170,9
DA:171,9
DA:172,9
DA:173,2
DA:174,2
DA:175,9
DA:176,9
DA:177,9
DA:178,0
DA:179,0
DA:180,0
DA:181,0
DA:182,0
DA:183,0
DA:184,0
DA:185,0
DA:186,0
DA:187,0
DA:188,9
DA:189,9
DA:190,9
DA:191,9
DA:192,9
DA:193,9
DA:194,9
DA:195,9
DA:196,9
DA:197,9
DA:198,9
LF:198
LH:170
BRDA:3,0,0,9
BRDA:32,1,0,16
BRDA:34,2,0,56
BRDA:36,3,0,16
BRDA:38,4,0,40
BRDA:40,5,0,23
BRDA:42,6,0,16
BRDA:52,7,0,17
BRDA:71,8,0,16
BRDA:73,9,0,1
BRDA:60,10,0,17
BRDA:63,11,0,9
BRDA:78,12,0,17
BRDA:80,13,0,0
BRDA:88,14,0,0
BRDA:151,15,0,16
BRDA:96,16,0,17
BRDA:145,17,0,0
BRDA:99,18,0,17
BRDA:102,19,0,3
BRDA:104,20,0,10
BRDA:107,21,0,0
BRDA:111,22,0,14
BRDA:113,23,0,41
BRDA:116,24,0,0
BRDA:125,25,0,17
BRDA:128,26,0,51
BRDA:134,27,0,0
BRDA:157,28,0,48
BRDA:167,29,0,11
BRDA:168,30,0,9
BRDA:172,31,0,2
BRF:32
BRH:26
end_of_record
