TN:
SF:src/logic/gameboard.js
FN:3,Gameboard
FN:32,newShipIndex
FN:53,shipNumberRulesPassed
FN:61,_occurances
FN:81,placeShip
FN:84,checkCoord
FN:92,checkCoord
FN:99,checkCoord
FN:128,checkForOverlap
FNF:9
FNH:6
FNDA:6,Gameboard
FNDA:8,newShipIndex
FNDA:8,shipNumberRulesPassed
FNDA:0,_occurances
FNDA:10,placeShip
FNDA:0,checkCoord
FNDA:0,checkCoord
FNDA:10,checkCoord
FNDA:10,checkForOverlap
DA:1,1
DA:2,1
DA:3,1
DA:4,6
DA:5,6
DA:6,6
DA:7,6
DA:8,6
DA:9,6
DA:10,6
DA:11,6
DA:12,6
DA:13,6
DA:14,6
DA:15,6
DA:16,6
DA:17,6
DA:18,6
DA:19,6
DA:20,6
DA:21,6
DA:22,6
DA:23,6
DA:24,6
DA:25,6
DA:26,6
DA:27,6
DA:28,6
DA:29,6
DA:30,6
DA:31,6
DA:32,6
DA:33,8
DA:34,8
DA:35,27
DA:36,27
DA:37,8
DA:38,8
DA:39,19
DA:40,19
DA:41,10
DA:42,27
DA:43,8
DA:44,8
DA:45,8
DA:46,27
DA:47,8
DA:48,6
DA:49,6
DA:50,6
DA:51,6
DA:52,6
DA:53,6
DA:54,8
DA:55,8
DA:56,8
DA:57,8
DA:58,8
DA:59,8
DA:60,8
DA:61,8
DA:62,0
DA:63,0
DA:64,0
DA:65,0
DA:66,0
DA:67,0
DA:68,8
DA:69,8
DA:70,8
DA:71,8
DA:72,0
DA:73,8
DA:74,0
DA:75,0
DA:76,8
DA:77,8
DA:78,8
DA:79,6
DA:80,6
DA:81,6
DA:82,10
DA:83,10
DA:84,0
DA:85,0
DA:86,0
DA:87,0
DA:88,0
DA:89,0
DA:90,10
DA:91,10
DA:92,0
DA:93,0
DA:94,0
DA:95,0
DA:96,10
DA:97,10
DA:98,10
DA:99,10
DA:100,10
DA:101,10
DA:102,10
DA:103,10
DA:104,10
DA:105,10
DA:106,5
DA:107,5
DA:108,16
DA:109,16
DA:110,16
DA:111,0
DA:112,0
DA:113,16
DA:114,5
DA:115,5
DA:116,5
DA:117,14
DA:118,14
DA:119,14
DA:120,0
DA:121,0
DA:122,14
DA:123,5
DA:124,10
DA:125,10
DA:126,10
DA:127,10
DA:128,10
DA:129,10
DA:130,10
DA:131,10
DA:132,30
DA:133,30
DA:134,30
DA:135,30
DA:136,30
DA:137,30
DA:138,2
DA:139,2
DA:140,10
DA:141,10
DA:142,10
DA:143,10
DA:144,10
DA:145,10
DA:146,8
DA:147,8
DA:148,8
DA:149,2
DA:150,2
DA:151,10
DA:152,10
DA:153,10
DA:154,8
DA:155,8
DA:156,8
DA:157,8
DA:158,8
DA:159,24
DA:160,24
DA:161,24
DA:162,24
DA:163,8
DA:164,8
DA:165,6
DA:166,6
DA:167,6
DA:168,6
DA:169,1
DA:170,1
DA:171,1
DA:172,1
DA:173,1
DA:174,1
DA:175,1
LF:175
LH:152
BRDA:3,0,0,6
BRDA:32,1,0,8
BRDA:34,2,0,27
BRDA:36,3,0,8
BRDA:38,4,0,19
BRDA:40,5,0,10
BRDA:42,6,0,8
BRDA:53,7,0,8
BRDA:71,8,0,0
BRDA:73,9,0,0
BRDA:81,10,0,10
BRDA:83,11,0,0
BRDA:91,12,0,0
BRDA:153,13,0,8
BRDA:153,14,0,8
BRDA:99,15,0,10
BRDA:145,16,0,8
BRDA:148,17,0,2
BRDA:102,18,0,10
BRDA:105,19,0,5
BRDA:107,20,0,16
BRDA:110,21,0,0
BRDA:116,22,0,14
BRDA:119,23,0,0
BRDA:128,24,0,10
BRDA:131,25,0,30
BRDA:137,26,0,2
BRDA:158,27,0,24
BRF:28
BRH:22
end_of_record
